<?xml version="1.0" encoding="UTF-8"?>
<!-- Generated by org.testng.reporters.JUnitReportReporter -->
<testsuite hostname="Santhosh-PC" failures="0" tests="1" name="jenkinsRun.LoginValidation" time="43.810" errors="0" timestamp="2021-04-25T13:44:21 IST" skipped="0">
  <testcase classname="jenkinsRun.LoginValidation" name="lauchApplication" time="43.810"/>
</testsuite> <!-- jenkinsRun.LoginValidation -->
